<?xml version="1.0" encoding="UTF-8"?>
<testsuite name="com.knotworking.authexample.data.fake.FakeBackendAdminTest" tests="12" skipped="0" failures="0" errors="0" timestamp="2026-06-19T08:20:18.926Z" hostname="Bens-MacBook-Pro-2.local" time="1.278">
  <properties/>
  <testcase name="removeUser prevents subsequent login" classname="com.knotworking.authexample.data.fake.FakeBackendAdminTest" time="0.754"/>
  <testcase name="removeUser is reflected in getUsers" classname="com.knotworking.authexample.data.fake.FakeBackendAdminTest" time="0.029"/>
  <testcase name="getTokens returns access and refresh tokens after login" classname="com.knotworking.authexample.data.fake.FakeBackendAdminTest" time="0.077"/>
  <testcase name="revoking refresh token causes subsequent refresh to return 401" classname="com.knotworking.authexample.data.fake.FakeBackendAdminTest" time="0.024"/>
  <testcase name="getUsers returns seeded user" classname="com.knotworking.authexample.data.fake.FakeBackendAdminTest" time="0.006"/>
  <testcase name="revoking access token marks it revoked in getTokens" classname="com.knotworking.authexample.data.fake.FakeBackendAdminTest" time="0.017"/>
  <testcase name="added users persist across store reload" classname="com.knotworking.authexample.data.fake.FakeBackendAdminTest" time="0.059"/>
  <testcase name="refresh with unknown token returns 401" classname="com.knotworking.authexample.data.fake.FakeBackendAdminTest" time="0.034"/>
  <testcase name="addUser creates a new user who can log in" classname="com.knotworking.authexample.data.fake.FakeBackendAdminTest" time="0.162"/>
  <testcase name="unknown route returns 404" classname="com.knotworking.authexample.data.fake.FakeBackendAdminTest" time="0.008"/>
  <testcase name="revoked refresh token is listed as revoked in getTokens" classname="com.knotworking.authexample.data.fake.FakeBackendAdminTest" time="0.028"/>
  <testcase name="protected resource without bearer token returns 401" classname="com.knotworking.authexample.data.fake.FakeBackendAdminTest" time="0.062"/>
  <system-out><![CDATA[]]></system-out>
  <system-err><![CDATA[]]></system-err>
</testsuite>
